<?xml version="1.0" encoding="UTF-8"?>
<testsuite name="com.example.MovieReviewApiApplicationTests" tests="1" skipped="0" failures="0" errors="0" timestamp="2017-05-02T16:57:27" hostname="COMPOZED-CL-19" time="0.002">
  <properties/>
  <testcase name="contextLoads" classname="com.example.MovieReviewApiApplicationTests" time="0.002"/>
  <system-out><![CDATA[2017-05-02 12:57:27.358  INFO 73187 --- [    Test worker] .b.t.c.SpringBootTestContextBootstrapper : Neither @ContextConfiguration nor @ContextHierarchy found for test class [com.example.MovieReviewApiApplicationTests], using SpringBootContextLoader
2017-05-02 12:57:27.358  INFO 73187 --- [    Test worker] o.s.t.c.support.AbstractContextLoader    : Could not detect default resource locations for test class [com.example.MovieReviewApiApplicationTests]: no resource found for suffixes {-context.xml, Context.groovy}.
2017-05-02 12:57:27.358  INFO 73187 --- [    Test worker] t.c.s.AnnotationConfigContextLoaderUtils : Could not detect default configuration classes for test class [com.example.MovieReviewApiApplicationTests]: MovieReviewApiApplicationTests does not declare any static, non-private, non-final, nested classes annotated with @Configuration.
2017-05-02 12:57:27.361  INFO 73187 --- [    Test worker] .b.t.c.SpringBootTestContextBootstrapper : Found @SpringBootConfiguration com.example.MovieReviewApiApplication for test class com.example.MovieReviewApiApplicationTests
2017-05-02 12:57:27.362  INFO 73187 --- [    Test worker] .b.t.c.SpringBootTestContextBootstrapper : Loaded default TestExecutionListener class names from location [META-INF/spring.factories]: [org.springframework.boot.test.mock.mockito.MockitoTestExecutionListener, org.springframework.boot.test.mock.mockito.ResetMocksTestExecutionListener, org.springframework.boot.test.autoconfigure.restdocs.RestDocsTestExecutionListener, org.springframework.boot.test.autoconfigure.web.client.MockRestServiceServerResetTestExecutionListener, org.springframework.boot.test.autoconfigure.web.servlet.MockMvcPrintOnlyOnFailureTestExecutionListener, org.springframework.boot.test.autoconfigure.web.servlet.WebDriverTestExecutionListener, org.springframework.test.context.web.ServletTestExecutionListener, org.springframework.test.context.support.DirtiesContextBeforeModesTestExecutionListener, org.springframework.test.context.support.DependencyInjectionTestExecutionListener, org.springframework.test.context.support.DirtiesContextTestExecutionListener, org.springframework.test.context.transaction.TransactionalTestExecutionListener, org.springframework.test.context.jdbc.SqlScriptsTestExecutionListener]
2017-05-02 12:57:27.364  INFO 73187 --- [    Test worker] .b.t.c.SpringBootTestContextBootstrapper : Using TestExecutionListeners: [org.springframework.test.context.web.ServletTestExecutionListener@66a41b6f, org.springframework.test.context.support.DirtiesContextBeforeModesTestExecutionListener@10d6c9dd, org.springframework.boot.test.autoconfigure.SpringBootDependencyInjectionTestExecutionListener@4cbd6b12, org.springframework.test.context.support.DirtiesContextTestExecutionListener@248356f, org.springframework.test.context.transaction.TransactionalTestExecutionListener@44f1392a, org.springframework.test.context.jdbc.SqlScriptsTestExecutionListener@624f8848, org.springframework.boot.test.autoconfigure.web.servlet.MockMvcPrintOnlyOnFailureTestExecutionListener@450d9ae8, org.springframework.boot.test.mock.mockito.MockitoTestExecutionListener@62d2c6b, org.springframework.boot.test.autoconfigure.web.client.MockRestServiceServerResetTestExecutionListener@4bd87ded, org.springframework.boot.test.autoconfigure.restdocs.RestDocsTestExecutionListener@55cba116, org.springframework.boot.test.autoconfigure.web.servlet.WebDriverTestExecutionListener@7cb8bb9d, org.springframework.boot.test.mock.mockito.ResetMocksTestExecutionListener@13998e15]

  .   ____          _            __ _ _
 /\\ / ___'_ __ _ _(_)_ __  __ _ \ \ \ \
( ( )\___ | '_ | '_| | '_ \/ _` | \ \ \ \
 \\/  ___)| |_)| | | | | || (_| |  ) ) ) )
  '  |____| .__|_| |_|_| |_\__, | / / / /
 =========|_|==============|___/=/_/_/_/
 :: Spring Boot ::        (v1.5.3.RELEASE)

2017-05-02 12:57:27.385  INFO 73187 --- [    Test worker] c.e.MovieReviewApiApplicationTests       : Starting MovieReviewApiApplicationTests on COMPOZED-CL-19 with PID 73187 (started by localadmin in /Users/localadmin/workspace/movie-review-api)
2017-05-02 12:57:27.385  INFO 73187 --- [    Test worker] c.e.MovieReviewApiApplicationTests       : No active profile set, falling back to default profiles: default
2017-05-02 12:57:27.386  INFO 73187 --- [    Test worker] o.s.w.c.s.GenericWebApplicationContext   : Refreshing org.springframework.web.context.support.GenericWebApplicationContext@5d6f5f3d: startup date [Tue May 02 12:57:27 EDT 2017]; root of context hierarchy
2017-05-02 12:57:27.647  INFO 73187 --- [    Test worker] j.LocalContainerEntityManagerFactoryBean : Building JPA container EntityManagerFactory for persistence unit 'default'
2017-05-02 12:57:27.647  INFO 73187 --- [    Test worker] o.hibernate.jpa.internal.util.LogHelper  : HHH000204: Processing PersistenceUnitInfo [
	name: default
	...]
2017-05-02 12:57:27.667  INFO 73187 --- [    Test worker] org.hibernate.dialect.Dialect            : HHH000400: Using dialect: org.hibernate.dialect.MySQLDialect
2017-05-02 12:57:27.678  INFO 73187 --- [    Test worker] org.hibernate.tool.hbm2ddl.SchemaExport  : HHH000227: Running hbm2ddl schema export
Hibernate: 
    drop table if exists movie
Hibernate: 
    drop table if exists review
Hibernate: 
    create table movie (
        id bigint not null,
        title varchar(255),
        year bigint not null,
        primary key (id)
    )
Hibernate: 
    create table review (
        id bigint not null auto_increment,
        comment varchar(255),
        movie_id bigint,
        reviewer varchar(255),
        star_rating double precision not null,
        primary key (id)
    )
2017-05-02 12:57:27.723  INFO 73187 --- [    Test worker] org.hibernate.tool.hbm2ddl.SchemaExport  : HHH000230: Schema export complete
2017-05-02 12:57:27.724  WARN 73187 --- [    Test worker] o.h.j.i.EntityManagerFactoryRegistry     : HHH000436: Entity manager factory name (default) is already registered.  If entity manager will be clustered or passivated, specify a unique value for property 'hibernate.ejb.entitymanager_factory_name'
2017-05-02 12:57:27.724  INFO 73187 --- [    Test worker] j.LocalContainerEntityManagerFactoryBean : Initialized JPA EntityManagerFactory for persistence unit 'default'
2017-05-02 12:57:27.845  INFO 73187 --- [    Test worker] s.w.s.m.m.a.RequestMappingHandlerAdapter : Looking for @ControllerAdvice: org.springframework.web.context.support.GenericWebApplicationContext@5d6f5f3d: startup date [Tue May 02 12:57:27 EDT 2017]; root of context hierarchy
2017-05-02 12:57:27.853  INFO 73187 --- [    Test worker] s.w.s.m.m.a.RequestMappingHandlerMapping : Mapped "{[/reviews],methods=[POST]}" onto public org.springframework.http.ResponseEntity<com.example.model.MovieReviewResponseBody> com.example.controller.ReviewController.createReview(com.example.model.MovieReviewRequestBody)
2017-05-02 12:57:27.854  INFO 73187 --- [    Test worker] s.w.s.m.m.a.RequestMappingHandlerMapping : Mapped "{[/error]}" onto public org.springframework.http.ResponseEntity<java.util.Map<java.lang.String, java.lang.Object>> org.springframework.boot.autoconfigure.web.BasicErrorController.error(javax.servlet.http.HttpServletRequest)
2017-05-02 12:57:27.855  INFO 73187 --- [    Test worker] s.w.s.m.m.a.RequestMappingHandlerMapping : Mapped "{[/error],produces=[text/html]}" onto public org.springframework.web.servlet.ModelAndView org.springframework.boot.autoconfigure.web.BasicErrorController.errorHtml(javax.servlet.http.HttpServletRequest,javax.servlet.http.HttpServletResponse)
2017-05-02 12:57:27.866  INFO 73187 --- [    Test worker] o.s.w.s.handler.SimpleUrlHandlerMapping  : Mapped URL path [/webjars/**] onto handler of type [class org.springframework.web.servlet.resource.ResourceHttpRequestHandler]
2017-05-02 12:57:27.866  INFO 73187 --- [    Test worker] o.s.w.s.handler.SimpleUrlHandlerMapping  : Mapped URL path [/**] onto handler of type [class org.springframework.web.servlet.resource.ResourceHttpRequestHandler]
2017-05-02 12:57:27.879  INFO 73187 --- [    Test worker] o.s.w.s.handler.SimpleUrlHandlerMapping  : Mapped URL path [/**/favicon.ico] onto handler of type [class org.springframework.web.servlet.resource.ResourceHttpRequestHandler]
2017-05-02 12:57:27.974  INFO 73187 --- [    Test worker] c.e.MovieReviewApiApplicationTests       : Started MovieReviewApiApplicationTests in 0.606 seconds (JVM running for 4.968)
]]></system-out>
  <system-err><![CDATA[]]></system-err>
</testsuite>
